{"contracts/CustomAdmin.sol":{"l":{"32":156,"33":146,"39":43,"40":42,"42":39,"44":38,"46":38,"47":38,"53":6,"54":24,"59":24,"60":24,"62":24,"66":6,"72":16,"73":16,"76":14,"78":14,"79":14,"80":14,"86":1,"87":4,"92":4,"93":4,"95":4,"99":1,"104":257,"105":164,"108":93},"path":"/Users/biod/Desktop/projects/cybrtoken/contracts/CustomAdmin.sol","s":{"1":156,"2":43,"3":42,"4":39,"5":38,"6":38,"7":38,"8":6,"9":24,"10":24,"11":24,"12":24,"13":6,"14":16,"15":16,"16":14,"17":14,"18":14,"19":14,"20":1,"21":4,"22":4,"23":4,"24":4,"25":1,"26":257,"27":164,"28":93},"b":{"1":[146,10],"2":[42,1],"3":[39,3],"4":[38,1],"5":[24,0],"6":[16,0],"7":[14,2],"8":[14,0],"9":[4,0],"10":[164,93]},"f":{"1":156,"2":43,"3":6,"4":16,"5":1,"6":257},"fnMap":{"1":{"name":"onlyAdmin","line":31,"loc":{"start":{"line":31,"column":2},"end":{"line":31,"column":22}}},"2":{"name":"addAdmin","line":38,"loc":{"start":{"line":38,"column":2},"end":{"line":38,"column":70}}},"3":{"name":"addManyAdmins","line":52,"loc":{"start":{"line":52,"column":2},"end":{"line":52,"column":78}}},"4":{"name":"removeAdmin","line":71,"loc":{"start":{"line":71,"column":2},"end":{"line":71,"column":73}}},"5":{"name":"removeManyAdmins","line":85,"loc":{"start":{"line":85,"column":2},"end":{"line":85,"column":81}}},"6":{"name":"isAdmin","line":103,"loc":{"start":{"line":103,"column":2},"end":{"line":103,"column":62}}}},"statementMap":{"1":{"start":{"line":32,"column":4},"end":{"line":32,"column":52}},"2":{"start":{"line":39,"column":4},"end":{"line":39,"column":54}},"3":{"start":{"line":40,"column":4},"end":{"line":40,"column":74}},"4":{"start":{"line":42,"column":4},"end":{"line":42,"column":104}},"5":{"start":{"line":44,"column":4},"end":{"line":44,"column":26}},"6":{"start":{"line":46,"column":4},"end":{"line":46,"column":29}},"7":{"start":{"line":47,"column":4},"end":{"line":47,"column":15}},"8":{"start":{"line":53,"column":4},"end":{"line":53,"column":1865}},"9":{"start":{"line":54,"column":6},"end":{"line":54,"column":35}},"10":{"start":{"line":59,"column":6},"end":{"line":59,"column":2113}},"11":{"start":{"line":60,"column":8},"end":{"line":60,"column":29}},"12":{"start":{"line":62,"column":8},"end":{"line":62,"column":37}},"13":{"start":{"line":66,"column":4},"end":{"line":66,"column":15}},"14":{"start":{"line":72,"column":4},"end":{"line":72,"column":54}},"15":{"start":{"line":73,"column":4},"end":{"line":73,"column":68}},"16":{"start":{"line":76,"column":4},"end":{"line":76,"column":104}},"17":{"start":{"line":78,"column":4},"end":{"line":78,"column":27}},"18":{"start":{"line":79,"column":4},"end":{"line":79,"column":31}},"19":{"start":{"line":80,"column":4},"end":{"line":80,"column":15}},"20":{"start":{"line":86,"column":4},"end":{"line":86,"column":3110}},"21":{"start":{"line":87,"column":6},"end":{"line":87,"column":35}},"22":{"start":{"line":92,"column":6},"end":{"line":92,"column":3412}},"23":{"start":{"line":93,"column":8},"end":{"line":93,"column":30}},"24":{"start":{"line":95,"column":8},"end":{"line":95,"column":39}},"25":{"start":{"line":99,"column":4},"end":{"line":99,"column":15}},"26":{"start":{"line":104,"column":4},"end":{"line":104,"column":3713}},"27":{"start":{"line":105,"column":6},"end":{"line":105,"column":17}},"28":{"start":{"line":108,"column":4},"end":{"line":108,"column":27}}},"branchMap":{"1":{"line":32,"type":"if","locations":[{"start":{"line":32,"column":4},"end":{"line":32,"column":4}},{"start":{"line":32,"column":4},"end":{"line":32,"column":4}}]},"2":{"line":39,"type":"if","locations":[{"start":{"line":39,"column":4},"end":{"line":39,"column":4}},{"start":{"line":39,"column":4},"end":{"line":39,"column":4}}]},"3":{"line":40,"type":"if","locations":[{"start":{"line":40,"column":4},"end":{"line":40,"column":4}},{"start":{"line":40,"column":4},"end":{"line":40,"column":4}}]},"4":{"line":42,"type":"if","locations":[{"start":{"line":42,"column":4},"end":{"line":42,"column":4}},{"start":{"line":42,"column":4},"end":{"line":42,"column":4}}]},"5":{"line":59,"type":"if","locations":[{"start":{"line":59,"column":6},"end":{"line":59,"column":6}},{"start":{"line":59,"column":6},"end":{"line":59,"column":6}}]},"6":{"line":72,"type":"if","locations":[{"start":{"line":72,"column":4},"end":{"line":72,"column":4}},{"start":{"line":72,"column":4},"end":{"line":72,"column":4}}]},"7":{"line":73,"type":"if","locations":[{"start":{"line":73,"column":4},"end":{"line":73,"column":4}},{"start":{"line":73,"column":4},"end":{"line":73,"column":4}}]},"8":{"line":76,"type":"if","locations":[{"start":{"line":76,"column":4},"end":{"line":76,"column":4}},{"start":{"line":76,"column":4},"end":{"line":76,"column":4}}]},"9":{"line":92,"type":"if","locations":[{"start":{"line":92,"column":6},"end":{"line":92,"column":6}},{"start":{"line":92,"column":6},"end":{"line":92,"column":6}}]},"10":{"line":104,"type":"if","locations":[{"start":{"line":104,"column":4},"end":{"line":104,"column":4}},{"start":{"line":104,"column":4},"end":{"line":104,"column":4}}]}}},"contracts/CustomPausable.sol":{"l":{"31":49,"32":49,"37":1,"38":1,"43":8,"44":8,"49":1,"50":1},"path":"/Users/biod/Desktop/projects/cybrtoken/contracts/CustomPausable.sol","s":{"1":49,"2":1,"3":8,"4":8,"5":1,"6":1},"b":{"1":[49,0],"2":[1,0]},"f":{"1":49,"2":1,"3":8,"4":1},"fnMap":{"1":{"name":"whenNotPaused","line":30,"loc":{"start":{"line":30,"column":2},"end":{"line":30,"column":26}}},"2":{"name":"whenPaused","line":36,"loc":{"start":{"line":36,"column":2},"end":{"line":36,"column":23}}},"3":{"name":"pause","line":42,"loc":{"start":{"line":42,"column":2},"end":{"line":42,"column":51}}},"4":{"name":"unpause","line":48,"loc":{"start":{"line":48,"column":2},"end":{"line":48,"column":50}}}},"statementMap":{"1":{"start":{"line":31,"column":4},"end":{"line":31,"column":59}},"2":{"start":{"line":37,"column":4},"end":{"line":37,"column":55}},"3":{"start":{"line":43,"column":4},"end":{"line":43,"column":16}},"4":{"start":{"line":44,"column":4},"end":{"line":44,"column":17}},"5":{"start":{"line":49,"column":4},"end":{"line":49,"column":17}},"6":{"start":{"line":50,"column":4},"end":{"line":50,"column":19}}},"branchMap":{"1":{"line":31,"type":"if","locations":[{"start":{"line":31,"column":4},"end":{"line":31,"column":4}},{"start":{"line":31,"column":4},"end":{"line":31,"column":4}}]},"2":{"line":37,"type":"if","locations":[{"start":{"line":37,"column":4},"end":{"line":37,"column":4}},{"start":{"line":37,"column":4},"end":{"line":37,"column":4}}]}}},"contracts/CYBRToken.sol":{"l":{"76":18,"77":6,"80":12,"86":12,"87":12,"89":12,"96":10,"98":9,"100":9,"101":9,"107":4,"108":4,"109":3,"111":3,"117":4,"118":4,"119":3,"121":3,"127":4,"128":4,"129":3,"131":3,"137":4,"138":4,"139":3,"141":3,"147":4,"148":4,"149":3,"151":3,"157":4,"158":3,"159":3,"161":3,"167":30,"175":12,"176":12},"path":"/Users/biod/Desktop/projects/cybrtoken/contracts/CYBRToken.sol","s":{"1":18,"2":6,"3":12,"4":12,"5":12,"6":10,"7":9,"8":9,"9":9,"10":4,"11":4,"12":3,"13":3,"14":4,"15":4,"16":3,"17":3,"18":4,"19":4,"20":3,"21":3,"22":4,"23":4,"24":3,"25":3,"26":4,"27":4,"28":3,"29":3,"30":4,"31":3,"32":3,"33":3,"34":30,"35":12,"36":12},"b":{"1":[6,12],"2":[12,0],"3":[9,1],"4":[4,0],"5":[3,1],"6":[3,0],"7":[4,0],"8":[3,1],"9":[3,0],"10":[4,0],"11":[3,1],"12":[3,0],"13":[4,0],"14":[3,1],"15":[3,0],"16":[4,0],"17":[3,1],"18":[3,0],"19":[3,1],"20":[3,0],"21":[3,0]},"f":{"1":18,"2":12,"3":10,"4":4,"5":4,"6":4,"7":4,"8":4,"9":4,"10":30,"11":12},"fnMap":{"1":{"name":"whenNotMinted","line":75,"loc":{"start":{"line":75,"column":2},"end":{"line":75,"column":37}}},"2":{"name":"setSuccess","line":85,"loc":{"start":{"line":85,"column":2},"end":{"line":85,"column":56}}},"3":{"name":"setICOEndDate","line":95,"loc":{"start":{"line":95,"column":2},"end":{"line":95,"column":69}}},"4":{"name":"mintTokensForFounders","line":106,"loc":{"start":{"line":106,"column":2},"end":{"line":106,"column":67}}},"5":{"name":"mintTokensForTeam","line":116,"loc":{"start":{"line":116,"column":2},"end":{"line":116,"column":63}}},"6":{"name":"mintReserveTokens","line":126,"loc":{"start":{"line":126,"column":2},"end":{"line":126,"column":63}}},"7":{"name":"mintTokensForPartnerships","line":136,"loc":{"start":{"line":136,"column":2},"end":{"line":136,"column":71}}},"8":{"name":"mintTokensForAdvisors","line":146,"loc":{"start":{"line":146,"column":2},"end":{"line":146,"column":67}}},"9":{"name":"mintTokensForPromotion","line":156,"loc":{"start":{"line":156,"column":2},"end":{"line":156,"column":68}}},"10":{"name":"computeHash","line":166,"loc":{"start":{"line":166,"column":2},"end":{"line":166,"column":65}}},"11":{"name":"mintOnce","line":174,"loc":{"start":{"line":174,"column":2},"end":{"line":174,"column":118}}}},"statementMap":{"1":{"start":{"line":76,"column":4},"end":{"line":76,"column":3366}},"2":{"start":{"line":77,"column":6},"end":{"line":77,"column":46}},"3":{"start":{"line":86,"column":4},"end":{"line":86,"column":47}},"4":{"start":{"line":87,"column":4},"end":{"line":87,"column":23}},"5":{"start":{"line":89,"column":4},"end":{"line":89,"column":24}},"6":{"start":{"line":96,"column":4},"end":{"line":96,"column":64}},"7":{"start":{"line":98,"column":4},"end":{"line":98,"column":21}},"8":{"start":{"line":100,"column":4},"end":{"line":100,"column":29}},"9":{"start":{"line":101,"column":4},"end":{"line":101,"column":15}},"10":{"start":{"line":107,"column":4},"end":{"line":107,"column":107}},"11":{"start":{"line":108,"column":4},"end":{"line":108,"column":94}},"12":{"start":{"line":109,"column":4},"end":{"line":109,"column":101}},"13":{"start":{"line":111,"column":4},"end":{"line":111,"column":68}},"14":{"start":{"line":117,"column":4},"end":{"line":117,"column":107}},"15":{"start":{"line":118,"column":4},"end":{"line":118,"column":94}},"16":{"start":{"line":119,"column":4},"end":{"line":119,"column":98}},"17":{"start":{"line":121,"column":4},"end":{"line":121,"column":60}},"18":{"start":{"line":127,"column":4},"end":{"line":127,"column":107}},"19":{"start":{"line":128,"column":4},"end":{"line":128,"column":94}},"20":{"start":{"line":129,"column":4},"end":{"line":129,"column":105}},"21":{"start":{"line":131,"column":4},"end":{"line":131,"column":66}},"22":{"start":{"line":137,"column":4},"end":{"line":137,"column":107}},"23":{"start":{"line":138,"column":4},"end":{"line":138,"column":94}},"24":{"start":{"line":139,"column":4},"end":{"line":139,"column":109}},"25":{"start":{"line":141,"column":4},"end":{"line":141,"column":76}},"26":{"start":{"line":147,"column":4},"end":{"line":147,"column":107}},"27":{"start":{"line":148,"column":4},"end":{"line":148,"column":94}},"28":{"start":{"line":149,"column":4},"end":{"line":149,"column":102}},"29":{"start":{"line":151,"column":4},"end":{"line":151,"column":68}},"30":{"start":{"line":157,"column":4},"end":{"line":157,"column":107}},"31":{"start":{"line":158,"column":4},"end":{"line":158,"column":94}},"32":{"start":{"line":159,"column":4},"end":{"line":159,"column":94}},"33":{"start":{"line":161,"column":4},"end":{"line":161,"column":70}},"34":{"start":{"line":167,"column":4},"end":{"line":167,"column":44}},"35":{"start":{"line":175,"column":4},"end":{"line":175,"column":40}},"36":{"start":{"line":176,"column":4},"end":{"line":176,"column":35}}},"branchMap":{"1":{"line":76,"type":"if","locations":[{"start":{"line":76,"column":4},"end":{"line":76,"column":4}},{"start":{"line":76,"column":4},"end":{"line":76,"column":4}}]},"2":{"line":86,"type":"if","locations":[{"start":{"line":86,"column":4},"end":{"line":86,"column":4}},{"start":{"line":86,"column":4},"end":{"line":86,"column":4}}]},"3":{"line":96,"type":"if","locations":[{"start":{"line":96,"column":4},"end":{"line":96,"column":4}},{"start":{"line":96,"column":4},"end":{"line":96,"column":4}}]},"4":{"line":107,"type":"if","locations":[{"start":{"line":107,"column":4},"end":{"line":107,"column":4}},{"start":{"line":107,"column":4},"end":{"line":107,"column":4}}]},"5":{"line":108,"type":"if","locations":[{"start":{"line":108,"column":4},"end":{"line":108,"column":4}},{"start":{"line":108,"column":4},"end":{"line":108,"column":4}}]},"6":{"line":109,"type":"if","locations":[{"start":{"line":109,"column":4},"end":{"line":109,"column":4}},{"start":{"line":109,"column":4},"end":{"line":109,"column":4}}]},"7":{"line":117,"type":"if","locations":[{"start":{"line":117,"column":4},"end":{"line":117,"column":4}},{"start":{"line":117,"column":4},"end":{"line":117,"column":4}}]},"8":{"line":118,"type":"if","locations":[{"start":{"line":118,"column":4},"end":{"line":118,"column":4}},{"start":{"line":118,"column":4},"end":{"line":118,"column":4}}]},"9":{"line":119,"type":"if","locations":[{"start":{"line":119,"column":4},"end":{"line":119,"column":4}},{"start":{"line":119,"column":4},"end":{"line":119,"column":4}}]},"10":{"line":127,"type":"if","locations":[{"start":{"line":127,"column":4},"end":{"line":127,"column":4}},{"start":{"line":127,"column":4},"end":{"line":127,"column":4}}]},"11":{"line":128,"type":"if","locations":[{"start":{"line":128,"column":4},"end":{"line":128,"column":4}},{"start":{"line":128,"column":4},"end":{"line":128,"column":4}}]},"12":{"line":129,"type":"if","locations":[{"start":{"line":129,"column":4},"end":{"line":129,"column":4}},{"start":{"line":129,"column":4},"end":{"line":129,"column":4}}]},"13":{"line":137,"type":"if","locations":[{"start":{"line":137,"column":4},"end":{"line":137,"column":4}},{"start":{"line":137,"column":4},"end":{"line":137,"column":4}}]},"14":{"line":138,"type":"if","locations":[{"start":{"line":138,"column":4},"end":{"line":138,"column":4}},{"start":{"line":138,"column":4},"end":{"line":138,"column":4}}]},"15":{"line":139,"type":"if","locations":[{"start":{"line":139,"column":4},"end":{"line":139,"column":4}},{"start":{"line":139,"column":4},"end":{"line":139,"column":4}}]},"16":{"line":147,"type":"if","locations":[{"start":{"line":147,"column":4},"end":{"line":147,"column":4}},{"start":{"line":147,"column":4},"end":{"line":147,"column":4}}]},"17":{"line":148,"type":"if","locations":[{"start":{"line":148,"column":4},"end":{"line":148,"column":4}},{"start":{"line":148,"column":4},"end":{"line":148,"column":4}}]},"18":{"line":149,"type":"if","locations":[{"start":{"line":149,"column":4},"end":{"line":149,"column":4}},{"start":{"line":149,"column":4},"end":{"line":149,"column":4}}]},"19":{"line":157,"type":"if","locations":[{"start":{"line":157,"column":4},"end":{"line":157,"column":4}},{"start":{"line":157,"column":4},"end":{"line":157,"column":4}}]},"20":{"line":158,"type":"if","locations":[{"start":{"line":158,"column":4},"end":{"line":158,"column":4}},{"start":{"line":158,"column":4},"end":{"line":158,"column":4}}]},"21":{"line":159,"type":"if","locations":[{"start":{"line":159,"column":4},"end":{"line":159,"column":4}},{"start":{"line":159,"column":4},"end":{"line":159,"column":4}}]}}},"contracts/Mocks/ERC20Mock.sol":{"l":{"21":1},"path":"/Users/biod/Desktop/projects/cybrtoken/contracts/Mocks/ERC20Mock.sol","s":{"1":1},"b":{},"f":{"1":1},"fnMap":{"1":{"name":null,"line":20,"loc":{"start":{"line":20,"column":2},"end":{"line":20,"column":54}}}},"statementMap":{"1":{"start":{"line":21,"column":4},"end":{"line":21,"column":30}}},"branchMap":{}},"contracts/Mocks/ForceEther.sol":{"l":{"14":1},"path":"/Users/biod/Desktop/projects/cybrtoken/contracts/Mocks/ForceEther.sol","s":{"1":1},"b":{},"f":{"1":1,"2":1},"fnMap":{"1":{"name":null,"line":11,"loc":{"start":{"line":11,"column":2},"end":{"line":11,"column":30}}},"2":{"name":"destroyAndSend","line":13,"loc":{"start":{"line":13,"column":2},"end":{"line":13,"column":52}}}},"statementMap":{"1":{"start":{"line":14,"column":4},"end":{"line":14,"column":27}}},"branchMap":{}},"contracts/TokenBase.sol":{"l":{"74":42,"80":62,"81":54,"82":10,"86":52,"91":1,"97":1,"98":1,"99":1,"105":16,"107":16,"109":16,"110":16,"115":5,"117":5,"119":5,"120":5,"129":25,"130":25,"139":3,"140":3,"148":18,"149":18,"157":3,"158":3,"166":3,"167":3,"174":2,"178":2,"179":2,"181":1,"182":4,"185":1,"186":1,"193":2,"202":54,"203":54,"205":54,"206":54,"208":54,"209":54,"211":54,"217":2,"219":2,"220":7,"223":2},"path":"/Users/biod/Desktop/projects/cybrtoken/contracts/TokenBase.sol","s":{"1":42,"2":62,"3":54,"4":10,"5":1,"6":1,"7":1,"8":16,"9":16,"10":16,"11":16,"12":5,"13":5,"14":5,"15":5,"16":25,"17":25,"18":3,"19":3,"20":18,"21":18,"22":3,"23":3,"24":3,"25":3,"26":2,"27":2,"28":2,"29":1,"30":4,"31":1,"32":1,"33":54,"34":54,"35":54,"36":54,"37":54,"38":54,"39":54,"40":2,"41":2,"42":7,"43":2},"b":{"1":[54,8],"2":[10,44],"3":[1,0],"4":[16,0],"5":[5,0],"6":[25,0],"7":[3,0],"8":[18,0],"9":[3,0],"10":[3,0],"11":[2,0],"12":[1,1],"13":[54,0],"14":[54,0]},"f":{"1":42,"2":62,"3":1,"4":1,"5":16,"6":5,"7":25,"8":3,"9":18,"10":3,"11":3,"12":2,"13":2,"14":54,"15":2},"fnMap":{"1":{"name":null,"line":73,"loc":{"start":{"line":73,"column":2},"end":{"line":73,"column":22}}},"2":{"name":"canTransfer","line":79,"loc":{"start":{"line":79,"column":2},"end":{"line":79,"column":37}}},"3":{"name":"reclaimEther","line":90,"loc":{"start":{"line":90,"column":2},"end":{"line":90,"column":44}}},"4":{"name":"reclaimToken","line":96,"loc":{"start":{"line":96,"column":2},"end":{"line":96,"column":58}}},"5":{"name":"releaseTokenForTransfer","line":104,"loc":{"start":{"line":104,"column":2},"end":{"line":104,"column":83}}},"6":{"name":"disableTokenTransfers","line":114,"loc":{"start":{"line":114,"column":2},"end":{"line":114,"column":81}}},"7":{"name":"transfer","line":128,"loc":{"start":{"line":128,"column":2},"end":{"line":128,"column":93}}},"8":{"name":"transferFrom","line":138,"loc":{"start":{"line":138,"column":2},"end":{"line":138,"column":107}}},"9":{"name":"approve","line":147,"loc":{"start":{"line":147,"column":2},"end":{"line":147,"column":97}}},"10":{"name":"increaseApproval","line":156,"loc":{"start":{"line":156,"column":2},"end":{"line":156,"column":111}}},"11":{"name":"decreaseApproval","line":165,"loc":{"start":{"line":165,"column":2},"end":{"line":165,"column":116}}},"12":{"name":"bulkTransfer","line":173,"loc":{"start":{"line":173,"column":2},"end":{"line":173,"column":99}}},"13":{"name":"burn","line":192,"loc":{"start":{"line":192,"column":2},"end":{"line":192,"column":52}}},"14":{"name":"mintTokens","line":201,"loc":{"start":{"line":201,"column":2},"end":{"line":201,"column":70}}},"15":{"name":"sumOf","line":216,"loc":{"start":{"line":216,"column":2},"end":{"line":216,"column":65}}}},"statementMap":{"1":{"start":{"line":74,"column":4},"end":{"line":74,"column":41}},"2":{"start":{"line":80,"column":4},"end":{"line":80,"column":3582}},"3":{"start":{"line":81,"column":6},"end":{"line":81,"column":3616}},"4":{"start":{"line":82,"column":8},"end":{"line":82,"column":73}},"5":{"start":{"line":97,"column":4},"end":{"line":97,"column":30}},"6":{"start":{"line":98,"column":4},"end":{"line":98,"column":42}},"7":{"start":{"line":99,"column":4},"end":{"line":99,"column":47}},"8":{"start":{"line":105,"column":4},"end":{"line":105,"column":85}},"9":{"start":{"line":107,"column":4},"end":{"line":107,"column":18}},"10":{"start":{"line":109,"column":4},"end":{"line":109,"column":32}},"11":{"start":{"line":110,"column":4},"end":{"line":110,"column":15}},"12":{"start":{"line":115,"column":4},"end":{"line":115,"column":84}},"13":{"start":{"line":117,"column":4},"end":{"line":117,"column":19}},"14":{"start":{"line":119,"column":4},"end":{"line":119,"column":32}},"15":{"start":{"line":120,"column":4},"end":{"line":120,"column":15}},"16":{"start":{"line":129,"column":4},"end":{"line":129,"column":49}},"17":{"start":{"line":130,"column":4},"end":{"line":130,"column":38}},"18":{"start":{"line":139,"column":4},"end":{"line":139,"column":49}},"19":{"start":{"line":140,"column":4},"end":{"line":140,"column":49}},"20":{"start":{"line":148,"column":4},"end":{"line":148,"column":54}},"21":{"start":{"line":149,"column":4},"end":{"line":149,"column":42}},"22":{"start":{"line":157,"column":4},"end":{"line":157,"column":54}},"23":{"start":{"line":158,"column":4},"end":{"line":158,"column":56}},"24":{"start":{"line":166,"column":4},"end":{"line":166,"column":54}},"25":{"start":{"line":167,"column":4},"end":{"line":167,"column":61}},"26":{"start":{"line":174,"column":4},"end":{"line":174,"column":73}},"27":{"start":{"line":178,"column":4},"end":{"line":178,"column":44}},"28":{"start":{"line":179,"column":4},"end":{"line":179,"column":117}},"29":{"start":{"line":181,"column":4},"end":{"line":181,"column":8266}},"30":{"start":{"line":182,"column":6},"end":{"line":182,"column":44}},"31":{"start":{"line":185,"column":4},"end":{"line":185,"column":55}},"32":{"start":{"line":186,"column":4},"end":{"line":186,"column":15}},"33":{"start":{"line":202,"column":4},"end":{"line":202,"column":49}},"34":{"start":{"line":203,"column":4},"end":{"line":203,"column":113}},"35":{"start":{"line":205,"column":4},"end":{"line":205,"column":44}},"36":{"start":{"line":206,"column":4},"end":{"line":206,"column":42}},"37":{"start":{"line":208,"column":4},"end":{"line":208,"column":42}},"38":{"start":{"line":209,"column":4},"end":{"line":209,"column":26}},"39":{"start":{"line":211,"column":4},"end":{"line":211,"column":15}},"40":{"start":{"line":217,"column":4},"end":{"line":217,"column":20}},"41":{"start":{"line":219,"column":4},"end":{"line":219,"column":9693}},"42":{"start":{"line":220,"column":6},"end":{"line":220,"column":34}},"43":{"start":{"line":223,"column":4},"end":{"line":223,"column":16}}},"branchMap":{"1":{"line":80,"type":"if","locations":[{"start":{"line":80,"column":4},"end":{"line":80,"column":4}},{"start":{"line":80,"column":4},"end":{"line":80,"column":4}}]},"2":{"line":81,"type":"if","locations":[{"start":{"line":81,"column":6},"end":{"line":81,"column":6}},{"start":{"line":81,"column":6},"end":{"line":81,"column":6}}]},"3":{"line":99,"type":"if","locations":[{"start":{"line":99,"column":4},"end":{"line":99,"column":4}},{"start":{"line":99,"column":4},"end":{"line":99,"column":4}}]},"4":{"line":105,"type":"if","locations":[{"start":{"line":105,"column":4},"end":{"line":105,"column":4}},{"start":{"line":105,"column":4},"end":{"line":105,"column":4}}]},"5":{"line":115,"type":"if","locations":[{"start":{"line":115,"column":4},"end":{"line":115,"column":4}},{"start":{"line":115,"column":4},"end":{"line":115,"column":4}}]},"6":{"line":129,"type":"if","locations":[{"start":{"line":129,"column":4},"end":{"line":129,"column":4}},{"start":{"line":129,"column":4},"end":{"line":129,"column":4}}]},"7":{"line":139,"type":"if","locations":[{"start":{"line":139,"column":4},"end":{"line":139,"column":4}},{"start":{"line":139,"column":4},"end":{"line":139,"column":4}}]},"8":{"line":148,"type":"if","locations":[{"start":{"line":148,"column":4},"end":{"line":148,"column":4}},{"start":{"line":148,"column":4},"end":{"line":148,"column":4}}]},"9":{"line":157,"type":"if","locations":[{"start":{"line":157,"column":4},"end":{"line":157,"column":4}},{"start":{"line":157,"column":4},"end":{"line":157,"column":4}}]},"10":{"line":166,"type":"if","locations":[{"start":{"line":166,"column":4},"end":{"line":166,"column":4}},{"start":{"line":166,"column":4},"end":{"line":166,"column":4}}]},"11":{"line":174,"type":"if","locations":[{"start":{"line":174,"column":4},"end":{"line":174,"column":4}},{"start":{"line":174,"column":4},"end":{"line":174,"column":4}}]},"12":{"line":179,"type":"if","locations":[{"start":{"line":179,"column":4},"end":{"line":179,"column":4}},{"start":{"line":179,"column":4},"end":{"line":179,"column":4}}]},"13":{"line":202,"type":"if","locations":[{"start":{"line":202,"column":4},"end":{"line":202,"column":4}},{"start":{"line":202,"column":4},"end":{"line":202,"column":4}}]},"14":{"line":203,"type":"if","locations":[{"start":{"line":203,"column":4},"end":{"line":203,"column":4}},{"start":{"line":203,"column":4},"end":{"line":203,"column":4}}]}}}}