{"contracts/BulkTransfer.sol":{"l":{"30":2,"34":2,"35":2,"37":1,"38":4,"41":1,"42":1,"48":2,"50":2,"51":7,"54":2},"path":"/Users/biod/projects/cybrtoken/contracts/BulkTransfer.sol","s":{"1":2,"2":2,"3":2,"4":1,"5":4,"6":1,"7":1,"8":2,"9":2,"10":7,"11":2},"b":{"1":[2,0],"2":[1,1]},"f":{"1":2,"2":2},"fnMap":{"1":{"name":"bulkTransfer","line":29,"loc":{"start":{"line":29,"column":2},"end":{"line":29,"column":99}}},"2":{"name":"sumOf","line":47,"loc":{"start":{"line":47,"column":2},"end":{"line":47,"column":65}}}},"statementMap":{"1":{"start":{"line":30,"column":4},"end":{"line":30,"column":73}},"2":{"start":{"line":34,"column":4},"end":{"line":34,"column":44}},"3":{"start":{"line":35,"column":4},"end":{"line":35,"column":117}},"4":{"start":{"line":37,"column":4},"end":{"line":37,"column":1680}},"5":{"start":{"line":38,"column":6},"end":{"line":38,"column":44}},"6":{"start":{"line":41,"column":4},"end":{"line":41,"column":55}},"7":{"start":{"line":42,"column":4},"end":{"line":42,"column":15}},"8":{"start":{"line":48,"column":4},"end":{"line":48,"column":20}},"9":{"start":{"line":50,"column":4},"end":{"line":50,"column":2084}},"10":{"start":{"line":51,"column":6},"end":{"line":51,"column":34}},"11":{"start":{"line":54,"column":4},"end":{"line":54,"column":16}}},"branchMap":{"1":{"line":30,"type":"if","locations":[{"start":{"line":30,"column":4},"end":{"line":30,"column":4}},{"start":{"line":30,"column":4},"end":{"line":30,"column":4}}]},"2":{"line":35,"type":"if","locations":[{"start":{"line":35,"column":4},"end":{"line":35,"column":4}},{"start":{"line":35,"column":4},"end":{"line":35,"column":4}}]}}},"contracts/CustomAdmin.sol":{"l":{"32":171,"33":161,"39":44,"40":43,"42":40,"44":39,"46":39,"47":39,"53":6,"54":24,"59":24,"60":24,"62":24,"66":6,"72":16,"73":16,"76":14,"78":14,"79":14,"80":14,"86":1,"87":4,"92":4,"93":4,"95":4,"99":1,"104":272,"105":169,"108":103},"path":"/Users/biod/projects/cybrtoken/contracts/CustomAdmin.sol","s":{"1":171,"2":44,"3":43,"4":40,"5":39,"6":39,"7":39,"8":6,"9":24,"10":24,"11":24,"12":24,"13":6,"14":16,"15":16,"16":14,"17":14,"18":14,"19":14,"20":1,"21":4,"22":4,"23":4,"24":4,"25":1,"26":272,"27":169,"28":103},"b":{"1":[161,10],"2":[43,1],"3":[40,3],"4":[39,1],"5":[24,0],"6":[16,0],"7":[14,2],"8":[14,0],"9":[4,0],"10":[169,103]},"f":{"1":171,"2":44,"3":6,"4":16,"5":1,"6":272},"fnMap":{"1":{"name":"onlyAdmin","line":31,"loc":{"start":{"line":31,"column":2},"end":{"line":31,"column":22}}},"2":{"name":"addAdmin","line":38,"loc":{"start":{"line":38,"column":2},"end":{"line":38,"column":70}}},"3":{"name":"addManyAdmins","line":52,"loc":{"start":{"line":52,"column":2},"end":{"line":52,"column":78}}},"4":{"name":"removeAdmin","line":71,"loc":{"start":{"line":71,"column":2},"end":{"line":71,"column":73}}},"5":{"name":"removeManyAdmins","line":85,"loc":{"start":{"line":85,"column":2},"end":{"line":85,"column":81}}},"6":{"name":"isAdmin","line":103,"loc":{"start":{"line":103,"column":2},"end":{"line":103,"column":62}}}},"statementMap":{"1":{"start":{"line":32,"column":4},"end":{"line":32,"column":52}},"2":{"start":{"line":39,"column":4},"end":{"line":39,"column":54}},"3":{"start":{"line":40,"column":4},"end":{"line":40,"column":74}},"4":{"start":{"line":42,"column":4},"end":{"line":42,"column":104}},"5":{"start":{"line":44,"column":4},"end":{"line":44,"column":26}},"6":{"start":{"line":46,"column":4},"end":{"line":46,"column":29}},"7":{"start":{"line":47,"column":4},"end":{"line":47,"column":15}},"8":{"start":{"line":53,"column":4},"end":{"line":53,"column":1865}},"9":{"start":{"line":54,"column":6},"end":{"line":54,"column":35}},"10":{"start":{"line":59,"column":6},"end":{"line":59,"column":2113}},"11":{"start":{"line":60,"column":8},"end":{"line":60,"column":29}},"12":{"start":{"line":62,"column":8},"end":{"line":62,"column":37}},"13":{"start":{"line":66,"column":4},"end":{"line":66,"column":15}},"14":{"start":{"line":72,"column":4},"end":{"line":72,"column":54}},"15":{"start":{"line":73,"column":4},"end":{"line":73,"column":68}},"16":{"start":{"line":76,"column":4},"end":{"line":76,"column":104}},"17":{"start":{"line":78,"column":4},"end":{"line":78,"column":27}},"18":{"start":{"line":79,"column":4},"end":{"line":79,"column":31}},"19":{"start":{"line":80,"column":4},"end":{"line":80,"column":15}},"20":{"start":{"line":86,"column":4},"end":{"line":86,"column":3110}},"21":{"start":{"line":87,"column":6},"end":{"line":87,"column":35}},"22":{"start":{"line":92,"column":6},"end":{"line":92,"column":3412}},"23":{"start":{"line":93,"column":8},"end":{"line":93,"column":30}},"24":{"start":{"line":95,"column":8},"end":{"line":95,"column":39}},"25":{"start":{"line":99,"column":4},"end":{"line":99,"column":15}},"26":{"start":{"line":104,"column":4},"end":{"line":104,"column":3713}},"27":{"start":{"line":105,"column":6},"end":{"line":105,"column":17}},"28":{"start":{"line":108,"column":4},"end":{"line":108,"column":27}}},"branchMap":{"1":{"line":32,"type":"if","locations":[{"start":{"line":32,"column":4},"end":{"line":32,"column":4}},{"start":{"line":32,"column":4},"end":{"line":32,"column":4}}]},"2":{"line":39,"type":"if","locations":[{"start":{"line":39,"column":4},"end":{"line":39,"column":4}},{"start":{"line":39,"column":4},"end":{"line":39,"column":4}}]},"3":{"line":40,"type":"if","locations":[{"start":{"line":40,"column":4},"end":{"line":40,"column":4}},{"start":{"line":40,"column":4},"end":{"line":40,"column":4}}]},"4":{"line":42,"type":"if","locations":[{"start":{"line":42,"column":4},"end":{"line":42,"column":4}},{"start":{"line":42,"column":4},"end":{"line":42,"column":4}}]},"5":{"line":59,"type":"if","locations":[{"start":{"line":59,"column":6},"end":{"line":59,"column":6}},{"start":{"line":59,"column":6},"end":{"line":59,"column":6}}]},"6":{"line":72,"type":"if","locations":[{"start":{"line":72,"column":4},"end":{"line":72,"column":4}},{"start":{"line":72,"column":4},"end":{"line":72,"column":4}}]},"7":{"line":73,"type":"if","locations":[{"start":{"line":73,"column":4},"end":{"line":73,"column":4}},{"start":{"line":73,"column":4},"end":{"line":73,"column":4}}]},"8":{"line":76,"type":"if","locations":[{"start":{"line":76,"column":4},"end":{"line":76,"column":4}},{"start":{"line":76,"column":4},"end":{"line":76,"column":4}}]},"9":{"line":92,"type":"if","locations":[{"start":{"line":92,"column":6},"end":{"line":92,"column":6}},{"start":{"line":92,"column":6},"end":{"line":92,"column":6}}]},"10":{"line":104,"type":"if","locations":[{"start":{"line":104,"column":4},"end":{"line":104,"column":4}},{"start":{"line":104,"column":4},"end":{"line":104,"column":4}}]}}},"contracts/CustomPausable.sol":{"l":{"31":52,"32":52,"37":1,"38":1,"43":8,"44":8,"49":1,"50":1},"path":"/Users/biod/projects/cybrtoken/contracts/CustomPausable.sol","s":{"1":52,"2":1,"3":8,"4":8,"5":1,"6":1},"b":{"1":[52,0],"2":[1,0]},"f":{"1":52,"2":1,"3":8,"4":1},"fnMap":{"1":{"name":"whenNotPaused","line":30,"loc":{"start":{"line":30,"column":2},"end":{"line":30,"column":26}}},"2":{"name":"whenPaused","line":36,"loc":{"start":{"line":36,"column":2},"end":{"line":36,"column":23}}},"3":{"name":"pause","line":42,"loc":{"start":{"line":42,"column":2},"end":{"line":42,"column":51}}},"4":{"name":"unpause","line":48,"loc":{"start":{"line":48,"column":2},"end":{"line":48,"column":50}}}},"statementMap":{"1":{"start":{"line":31,"column":4},"end":{"line":31,"column":59}},"2":{"start":{"line":37,"column":4},"end":{"line":37,"column":55}},"3":{"start":{"line":43,"column":4},"end":{"line":43,"column":16}},"4":{"start":{"line":44,"column":4},"end":{"line":44,"column":17}},"5":{"start":{"line":49,"column":4},"end":{"line":49,"column":17}},"6":{"start":{"line":50,"column":4},"end":{"line":50,"column":19}}},"branchMap":{"1":{"line":31,"type":"if","locations":[{"start":{"line":31,"column":4},"end":{"line":31,"column":4}},{"start":{"line":31,"column":4},"end":{"line":31,"column":4}}]},"2":{"line":37,"type":"if","locations":[{"start":{"line":37,"column":4},"end":{"line":37,"column":4}},{"start":{"line":37,"column":4},"end":{"line":37,"column":4}}]}}},"contracts/CYBRToken.sol":{"l":{"77":21,"78":7,"81":14,"87":15,"88":13,"90":13,"97":10,"99":9,"101":9,"102":9,"108":6,"109":5,"110":4,"112":3,"118":6,"119":5,"120":4,"122":3,"128":5,"129":4,"130":3,"132":3,"138":3,"144":6,"145":5,"146":4,"148":3,"154":5,"155":4,"156":3,"158":3,"164":4,"165":3,"166":3,"168":3,"174":35,"182":14,"183":14},"path":"/Users/biod/projects/cybrtoken/contracts/CYBRToken.sol","s":{"1":21,"2":7,"3":15,"4":13,"5":13,"6":10,"7":9,"8":9,"9":9,"10":6,"11":5,"12":4,"13":3,"14":6,"15":5,"16":4,"17":3,"18":5,"19":4,"20":3,"21":3,"22":3,"23":6,"24":5,"25":4,"26":3,"27":5,"28":4,"29":3,"30":3,"31":4,"32":3,"33":3,"34":3,"35":35,"36":14,"37":14},"b":{"1":[7,14],"2":[13,2],"3":[9,1],"4":[5,1],"5":[4,1],"6":[3,1],"7":[5,1],"8":[4,1],"9":[3,1],"10":[4,1],"11":[3,1],"12":[3,0],"13":[5,1],"14":[4,1],"15":[3,1],"16":[4,1],"17":[3,1],"18":[3,0],"19":[3,1],"20":[3,0],"21":[3,0]},"f":{"1":21,"2":15,"3":10,"4":6,"5":6,"6":5,"7":3,"8":6,"9":5,"10":4,"11":35,"12":14},"fnMap":{"1":{"name":"whenNotMinted","line":76,"loc":{"start":{"line":76,"column":2},"end":{"line":76,"column":37}}},"2":{"name":"setSuccess","line":86,"loc":{"start":{"line":86,"column":2},"end":{"line":86,"column":56}}},"3":{"name":"setICOEndDate","line":96,"loc":{"start":{"line":96,"column":2},"end":{"line":96,"column":69}}},"4":{"name":"mintTokensForFounders","line":107,"loc":{"start":{"line":107,"column":2},"end":{"line":107,"column":67}}},"5":{"name":"mintTokensForTeam","line":117,"loc":{"start":{"line":117,"column":2},"end":{"line":117,"column":63}}},"6":{"name":"mintReserveTokens","line":127,"loc":{"start":{"line":127,"column":2},"end":{"line":127,"column":63}}},"7":{"name":"mintTokensForInitialPartnerships","line":137,"loc":{"start":{"line":137,"column":2},"end":{"line":137,"column":78}}},"8":{"name":"mintTokensForPartnerships","line":143,"loc":{"start":{"line":143,"column":2},"end":{"line":143,"column":71}}},"9":{"name":"mintTokensForAdvisors","line":153,"loc":{"start":{"line":153,"column":2},"end":{"line":153,"column":67}}},"10":{"name":"mintTokensForPromotion","line":163,"loc":{"start":{"line":163,"column":2},"end":{"line":163,"column":68}}},"11":{"name":"computeHash","line":173,"loc":{"start":{"line":173,"column":2},"end":{"line":173,"column":65}}},"12":{"name":"mintOnce","line":181,"loc":{"start":{"line":181,"column":2},"end":{"line":181,"column":118}}}},"statementMap":{"1":{"start":{"line":77,"column":4},"end":{"line":77,"column":3477}},"2":{"start":{"line":78,"column":6},"end":{"line":78,"column":46}},"3":{"start":{"line":87,"column":4},"end":{"line":87,"column":47}},"4":{"start":{"line":88,"column":4},"end":{"line":88,"column":23}},"5":{"start":{"line":90,"column":4},"end":{"line":90,"column":24}},"6":{"start":{"line":97,"column":4},"end":{"line":97,"column":64}},"7":{"start":{"line":99,"column":4},"end":{"line":99,"column":21}},"8":{"start":{"line":101,"column":4},"end":{"line":101,"column":29}},"9":{"start":{"line":102,"column":4},"end":{"line":102,"column":15}},"10":{"start":{"line":108,"column":4},"end":{"line":108,"column":107}},"11":{"start":{"line":109,"column":4},"end":{"line":109,"column":94}},"12":{"start":{"line":110,"column":4},"end":{"line":110,"column":101}},"13":{"start":{"line":112,"column":4},"end":{"line":112,"column":68}},"14":{"start":{"line":118,"column":4},"end":{"line":118,"column":107}},"15":{"start":{"line":119,"column":4},"end":{"line":119,"column":94}},"16":{"start":{"line":120,"column":4},"end":{"line":120,"column":98}},"17":{"start":{"line":122,"column":4},"end":{"line":122,"column":60}},"18":{"start":{"line":128,"column":4},"end":{"line":128,"column":107}},"19":{"start":{"line":129,"column":4},"end":{"line":129,"column":94}},"20":{"start":{"line":130,"column":4},"end":{"line":130,"column":105}},"21":{"start":{"line":132,"column":4},"end":{"line":132,"column":66}},"22":{"start":{"line":138,"column":4},"end":{"line":138,"column":91}},"23":{"start":{"line":144,"column":4},"end":{"line":144,"column":107}},"24":{"start":{"line":145,"column":4},"end":{"line":145,"column":94}},"25":{"start":{"line":146,"column":4},"end":{"line":146,"column":109}},"26":{"start":{"line":148,"column":4},"end":{"line":148,"column":76}},"27":{"start":{"line":154,"column":4},"end":{"line":154,"column":107}},"28":{"start":{"line":155,"column":4},"end":{"line":155,"column":94}},"29":{"start":{"line":156,"column":4},"end":{"line":156,"column":102}},"30":{"start":{"line":158,"column":4},"end":{"line":158,"column":68}},"31":{"start":{"line":164,"column":4},"end":{"line":164,"column":107}},"32":{"start":{"line":165,"column":4},"end":{"line":165,"column":94}},"33":{"start":{"line":166,"column":4},"end":{"line":166,"column":94}},"34":{"start":{"line":168,"column":4},"end":{"line":168,"column":70}},"35":{"start":{"line":174,"column":4},"end":{"line":174,"column":44}},"36":{"start":{"line":182,"column":4},"end":{"line":182,"column":40}},"37":{"start":{"line":183,"column":4},"end":{"line":183,"column":35}}},"branchMap":{"1":{"line":77,"type":"if","locations":[{"start":{"line":77,"column":4},"end":{"line":77,"column":4}},{"start":{"line":77,"column":4},"end":{"line":77,"column":4}}]},"2":{"line":87,"type":"if","locations":[{"start":{"line":87,"column":4},"end":{"line":87,"column":4}},{"start":{"line":87,"column":4},"end":{"line":87,"column":4}}]},"3":{"line":97,"type":"if","locations":[{"start":{"line":97,"column":4},"end":{"line":97,"column":4}},{"start":{"line":97,"column":4},"end":{"line":97,"column":4}}]},"4":{"line":108,"type":"if","locations":[{"start":{"line":108,"column":4},"end":{"line":108,"column":4}},{"start":{"line":108,"column":4},"end":{"line":108,"column":4}}]},"5":{"line":109,"type":"if","locations":[{"start":{"line":109,"column":4},"end":{"line":109,"column":4}},{"start":{"line":109,"column":4},"end":{"line":109,"column":4}}]},"6":{"line":110,"type":"if","locations":[{"start":{"line":110,"column":4},"end":{"line":110,"column":4}},{"start":{"line":110,"column":4},"end":{"line":110,"column":4}}]},"7":{"line":118,"type":"if","locations":[{"start":{"line":118,"column":4},"end":{"line":118,"column":4}},{"start":{"line":118,"column":4},"end":{"line":118,"column":4}}]},"8":{"line":119,"type":"if","locations":[{"start":{"line":119,"column":4},"end":{"line":119,"column":4}},{"start":{"line":119,"column":4},"end":{"line":119,"column":4}}]},"9":{"line":120,"type":"if","locations":[{"start":{"line":120,"column":4},"end":{"line":120,"column":4}},{"start":{"line":120,"column":4},"end":{"line":120,"column":4}}]},"10":{"line":128,"type":"if","locations":[{"start":{"line":128,"column":4},"end":{"line":128,"column":4}},{"start":{"line":128,"column":4},"end":{"line":128,"column":4}}]},"11":{"line":129,"type":"if","locations":[{"start":{"line":129,"column":4},"end":{"line":129,"column":4}},{"start":{"line":129,"column":4},"end":{"line":129,"column":4}}]},"12":{"line":130,"type":"if","locations":[{"start":{"line":130,"column":4},"end":{"line":130,"column":4}},{"start":{"line":130,"column":4},"end":{"line":130,"column":4}}]},"13":{"line":144,"type":"if","locations":[{"start":{"line":144,"column":4},"end":{"line":144,"column":4}},{"start":{"line":144,"column":4},"end":{"line":144,"column":4}}]},"14":{"line":145,"type":"if","locations":[{"start":{"line":145,"column":4},"end":{"line":145,"column":4}},{"start":{"line":145,"column":4},"end":{"line":145,"column":4}}]},"15":{"line":146,"type":"if","locations":[{"start":{"line":146,"column":4},"end":{"line":146,"column":4}},{"start":{"line":146,"column":4},"end":{"line":146,"column":4}}]},"16":{"line":154,"type":"if","locations":[{"start":{"line":154,"column":4},"end":{"line":154,"column":4}},{"start":{"line":154,"column":4},"end":{"line":154,"column":4}}]},"17":{"line":155,"type":"if","locations":[{"start":{"line":155,"column":4},"end":{"line":155,"column":4}},{"start":{"line":155,"column":4},"end":{"line":155,"column":4}}]},"18":{"line":156,"type":"if","locations":[{"start":{"line":156,"column":4},"end":{"line":156,"column":4}},{"start":{"line":156,"column":4},"end":{"line":156,"column":4}}]},"19":{"line":164,"type":"if","locations":[{"start":{"line":164,"column":4},"end":{"line":164,"column":4}},{"start":{"line":164,"column":4},"end":{"line":164,"column":4}}]},"20":{"line":165,"type":"if","locations":[{"start":{"line":165,"column":4},"end":{"line":165,"column":4}},{"start":{"line":165,"column":4},"end":{"line":165,"column":4}}]},"21":{"line":166,"type":"if","locations":[{"start":{"line":166,"column":4},"end":{"line":166,"column":4}},{"start":{"line":166,"column":4},"end":{"line":166,"column":4}}]}}},"contracts/Mocks/ERC20Mock.sol":{"l":{"21":1},"path":"/Users/biod/projects/cybrtoken/contracts/Mocks/ERC20Mock.sol","s":{"1":1},"b":{},"f":{"1":1},"fnMap":{"1":{"name":null,"line":20,"loc":{"start":{"line":20,"column":2},"end":{"line":20,"column":54}}}},"statementMap":{"1":{"start":{"line":21,"column":4},"end":{"line":21,"column":30}}},"branchMap":{}},"contracts/Mocks/ForceEther.sol":{"l":{"14":1},"path":"/Users/biod/projects/cybrtoken/contracts/Mocks/ForceEther.sol","s":{"1":1},"b":{},"f":{"1":1,"2":1},"fnMap":{"1":{"name":null,"line":11,"loc":{"start":{"line":11,"column":2},"end":{"line":11,"column":30}}},"2":{"name":"destroyAndSend","line":13,"loc":{"start":{"line":13,"column":2},"end":{"line":13,"column":52}}}},"statementMap":{"1":{"start":{"line":14,"column":4},"end":{"line":14,"column":27}}},"branchMap":{}},"contracts/Reclaimable.sol":{"l":{"31":1,"37":1,"38":1,"39":1},"path":"/Users/biod/projects/cybrtoken/contracts/Reclaimable.sol","s":{"1":1,"2":1,"3":1},"b":{"1":[1,0]},"f":{"1":1,"2":1},"fnMap":{"1":{"name":"reclaimEther","line":30,"loc":{"start":{"line":30,"column":2},"end":{"line":30,"column":44}}},"2":{"name":"reclaimToken","line":36,"loc":{"start":{"line":36,"column":2},"end":{"line":36,"column":58}}}},"statementMap":{"1":{"start":{"line":37,"column":4},"end":{"line":37,"column":30}},"2":{"start":{"line":38,"column":4},"end":{"line":38,"column":42}},"3":{"start":{"line":39,"column":4},"end":{"line":39,"column":47}}},"branchMap":{"1":{"line":39,"type":"if","locations":[{"start":{"line":39,"column":4},"end":{"line":39,"column":4}},{"start":{"line":39,"column":4},"end":{"line":39,"column":4}}]}}},"contracts/TokenBase.sol":{"l":{"73":42,"82":25,"83":25,"92":3,"93":3,"101":18,"102":18,"110":3,"111":3,"119":3,"120":3,"127":2,"136":56,"137":56,"139":56,"140":56,"142":56,"143":56,"145":56},"path":"/Users/biod/projects/cybrtoken/contracts/TokenBase.sol","s":{"1":42,"2":25,"3":25,"4":3,"5":3,"6":18,"7":18,"8":3,"9":3,"10":3,"11":3,"12":56,"13":56,"14":56,"15":56,"16":56,"17":56,"18":56},"b":{"1":[25,0],"2":[3,0],"3":[18,0],"4":[3,0],"5":[3,0],"6":[56,0],"7":[56,0]},"f":{"1":42,"2":25,"3":3,"4":18,"5":3,"6":3,"7":2,"8":56},"fnMap":{"1":{"name":null,"line":72,"loc":{"start":{"line":72,"column":2},"end":{"line":72,"column":22}}},"2":{"name":"transfer","line":81,"loc":{"start":{"line":81,"column":2},"end":{"line":81,"column":93}}},"3":{"name":"transferFrom","line":91,"loc":{"start":{"line":91,"column":2},"end":{"line":91,"column":107}}},"4":{"name":"approve","line":100,"loc":{"start":{"line":100,"column":2},"end":{"line":100,"column":97}}},"5":{"name":"increaseApproval","line":109,"loc":{"start":{"line":109,"column":2},"end":{"line":109,"column":111}}},"6":{"name":"decreaseApproval","line":118,"loc":{"start":{"line":118,"column":2},"end":{"line":118,"column":116}}},"7":{"name":"burn","line":126,"loc":{"start":{"line":126,"column":2},"end":{"line":126,"column":52}}},"8":{"name":"mintTokens","line":135,"loc":{"start":{"line":135,"column":2},"end":{"line":135,"column":70}}}},"statementMap":{"1":{"start":{"line":73,"column":4},"end":{"line":73,"column":41}},"2":{"start":{"line":82,"column":4},"end":{"line":82,"column":49}},"3":{"start":{"line":83,"column":4},"end":{"line":83,"column":38}},"4":{"start":{"line":92,"column":4},"end":{"line":92,"column":49}},"5":{"start":{"line":93,"column":4},"end":{"line":93,"column":49}},"6":{"start":{"line":101,"column":4},"end":{"line":101,"column":54}},"7":{"start":{"line":102,"column":4},"end":{"line":102,"column":42}},"8":{"start":{"line":110,"column":4},"end":{"line":110,"column":54}},"9":{"start":{"line":111,"column":4},"end":{"line":111,"column":56}},"10":{"start":{"line":119,"column":4},"end":{"line":119,"column":54}},"11":{"start":{"line":120,"column":4},"end":{"line":120,"column":61}},"12":{"start":{"line":136,"column":4},"end":{"line":136,"column":49}},"13":{"start":{"line":137,"column":4},"end":{"line":137,"column":113}},"14":{"start":{"line":139,"column":4},"end":{"line":139,"column":44}},"15":{"start":{"line":140,"column":4},"end":{"line":140,"column":42}},"16":{"start":{"line":142,"column":4},"end":{"line":142,"column":42}},"17":{"start":{"line":143,"column":4},"end":{"line":143,"column":26}},"18":{"start":{"line":145,"column":4},"end":{"line":145,"column":15}}},"branchMap":{"1":{"line":82,"type":"if","locations":[{"start":{"line":82,"column":4},"end":{"line":82,"column":4}},{"start":{"line":82,"column":4},"end":{"line":82,"column":4}}]},"2":{"line":92,"type":"if","locations":[{"start":{"line":92,"column":4},"end":{"line":92,"column":4}},{"start":{"line":92,"column":4},"end":{"line":92,"column":4}}]},"3":{"line":101,"type":"if","locations":[{"start":{"line":101,"column":4},"end":{"line":101,"column":4}},{"start":{"line":101,"column":4},"end":{"line":101,"column":4}}]},"4":{"line":110,"type":"if","locations":[{"start":{"line":110,"column":4},"end":{"line":110,"column":4}},{"start":{"line":110,"column":4},"end":{"line":110,"column":4}}]},"5":{"line":119,"type":"if","locations":[{"start":{"line":119,"column":4},"end":{"line":119,"column":4}},{"start":{"line":119,"column":4},"end":{"line":119,"column":4}}]},"6":{"line":136,"type":"if","locations":[{"start":{"line":136,"column":4},"end":{"line":136,"column":4}},{"start":{"line":136,"column":4},"end":{"line":136,"column":4}}]},"7":{"line":137,"type":"if","locations":[{"start":{"line":137,"column":4},"end":{"line":137,"column":4}},{"start":{"line":137,"column":4},"end":{"line":137,"column":4}}]}}},"contracts/TransferState.sol":{"l":{"31":62,"32":54,"33":10,"37":52,"43":16,"45":16,"47":16,"48":16,"53":5,"55":5,"57":5,"58":5},"path":"/Users/biod/projects/cybrtoken/contracts/TransferState.sol","s":{"1":62,"2":54,"3":10,"4":16,"5":16,"6":16,"7":16,"8":5,"9":5,"10":5,"11":5},"b":{"1":[54,8],"2":[10,44],"3":[16,0],"4":[5,0]},"f":{"1":62,"2":16,"3":5},"fnMap":{"1":{"name":"canTransfer","line":30,"loc":{"start":{"line":30,"column":2},"end":{"line":30,"column":37}}},"2":{"name":"enableTransfers","line":42,"loc":{"start":{"line":42,"column":2},"end":{"line":42,"column":75}}},"3":{"name":"disableTransfers","line":52,"loc":{"start":{"line":52,"column":2},"end":{"line":52,"column":76}}}},"statementMap":{"1":{"start":{"line":31,"column":4},"end":{"line":31,"column":1129}},"2":{"start":{"line":32,"column":6},"end":{"line":32,"column":1163}},"3":{"start":{"line":33,"column":8},"end":{"line":33,"column":73}},"4":{"start":{"line":43,"column":4},"end":{"line":43,"column":85}},"5":{"start":{"line":45,"column":4},"end":{"line":45,"column":18}},"6":{"start":{"line":47,"column":4},"end":{"line":47,"column":32}},"7":{"start":{"line":48,"column":4},"end":{"line":48,"column":15}},"8":{"start":{"line":53,"column":4},"end":{"line":53,"column":84}},"9":{"start":{"line":55,"column":4},"end":{"line":55,"column":19}},"10":{"start":{"line":57,"column":4},"end":{"line":57,"column":32}},"11":{"start":{"line":58,"column":4},"end":{"line":58,"column":15}}},"branchMap":{"1":{"line":31,"type":"if","locations":[{"start":{"line":31,"column":4},"end":{"line":31,"column":4}},{"start":{"line":31,"column":4},"end":{"line":31,"column":4}}]},"2":{"line":32,"type":"if","locations":[{"start":{"line":32,"column":6},"end":{"line":32,"column":6}},{"start":{"line":32,"column":6},"end":{"line":32,"column":6}}]},"3":{"line":43,"type":"if","locations":[{"start":{"line":43,"column":4},"end":{"line":43,"column":4}},{"start":{"line":43,"column":4},"end":{"line":43,"column":4}}]},"4":{"line":53,"type":"if","locations":[{"start":{"line":53,"column":4},"end":{"line":53,"column":4}},{"start":{"line":53,"column":4},"end":{"line":53,"column":4}}]}}}}